14:27:53.366 [TestNG-tests-2] INFO  testCases.TC002_LoginTest - **** Starting TC002_LoginTest ****
14:27:53.760 [TestNG-tests-2] INFO  testCases.TC002_LoginTest - Clicked MyAccount link
14:27:54.501 [TestNG-tests-2] INFO  testCases.TC002_LoginTest - Clicked login link
14:27:54.501 [TestNG-tests-2] INFO  testCases.TC002_LoginTest - Provide login details
14:27:54.988 [TestNG-tests-2] INFO  testCases.TC002_LoginTest - Validating expected page
14:27:55.932 [TestNG-tests-2] INFO  testCases.TC002_LoginTest - Test Passed
14:27:55.932 [TestNG-tests-2] INFO  testCases.TC002_LoginTest - **** Finished TC002_LoginTest ****
14:28:11.046 [TestNG-tests-3] INFO  testCases.TC001_AccountRegistrationTest - **** Starting TC001_AccountRegistrationTest ****
14:28:13.662 [TestNG-tests-3] INFO  testCases.TC001_AccountRegistrationTest - Clicked on My Account Link..
14:28:16.691 [TestNG-tests-3] INFO  testCases.TC001_AccountRegistrationTest - Clicked on Registration Link..
14:28:16.692 [TestNG-tests-3] INFO  testCases.TC001_AccountRegistrationTest - Providing customer details..
14:28:22.759 [TestNG-tests-3] INFO  testCases.TC001_AccountRegistrationTest - Validating Expected Message..
14:28:23.429 [TestNG-tests-3] INFO  testCases.TC001_AccountRegistrationTest - **** Finished TC001_AccountRegistrationTest ****
14:28:35.544 [TestNG-tests-3] INFO  testCases.TC002_LoginTest - **** Starting TC002_LoginTest ****
14:28:35.671 [TestNG-tests-3] INFO  testCases.TC002_LoginTest - Clicked MyAccount link
14:28:36.111 [TestNG-tests-3] INFO  testCases.TC002_LoginTest - Clicked login link
14:28:36.111 [TestNG-tests-3] INFO  testCases.TC002_LoginTest - Provide login details
14:28:37.078 [TestNG-tests-3] INFO  testCases.TC002_LoginTest - Validating expected page
14:28:37.127 [TestNG-tests-3] INFO  testCases.TC002_LoginTest - Test Passed
14:28:37.127 [TestNG-tests-3] INFO  testCases.TC002_LoginTest - **** Finished TC002_LoginTest ****
21:20:12.729 [main] DEBUG org.testng.TestNG - suiteXmlPath: "C:\MyWorkSpace\OpenCart\CrossBrowserTesting.xml"
21:20:13.426 [main] INFO  org.testng.internal.Utils - [TestNG] Running:
  C:\MyWorkSpace\OpenCart\CrossBrowserTesting.xml

21:26:50.119 [main] DEBUG org.testng.TestNG - suiteXmlPath: "C:\MyWorkSpace\OpenCart\CrossBrowserTesting.xml"
21:26:50.712 [main] INFO  org.testng.internal.Utils - [TestNG] Running:
  C:\MyWorkSpace\OpenCart\CrossBrowserTesting.xml

21:31:00.002 [main] DEBUG org.testng.TestNG - suiteXmlPath: "C:\MyWorkSpace\OpenCart\CrossBrowserTesting.xml"
21:31:00.634 [main] INFO  org.testng.internal.Utils - [TestNG] Running:
  C:\MyWorkSpace\OpenCart\CrossBrowserTesting.xml

21:31:20.598 [TestNG-tests-2] INFO  testCases.TC001_AccountRegistrationTest - **** Starting TC001_AccountRegistrationTest ****
21:31:22.521 [TestNG-tests-1] INFO  testCases.TC001_AccountRegistrationTest - **** Starting TC001_AccountRegistrationTest ****
21:31:23.784 [TestNG-tests-2] INFO  testCases.TC001_AccountRegistrationTest - Clicked on My Account Link..
21:31:24.024 [TestNG-tests-1] INFO  testCases.TC001_AccountRegistrationTest - Clicked on My Account Link..
21:31:25.878 [TestNG-tests-1] INFO  testCases.TC001_AccountRegistrationTest - Clicked on Registration Link..
21:31:25.968 [TestNG-tests-2] INFO  testCases.TC001_AccountRegistrationTest - Clicked on Registration Link..
21:31:26.051 [TestNG-tests-1] INFO  testCases.TC001_AccountRegistrationTest - Providing customer details..
21:31:26.051 [TestNG-tests-2] INFO  testCases.TC001_AccountRegistrationTest - Providing customer details..
21:31:30.942 [TestNG-tests-1] INFO  testCases.TC001_AccountRegistrationTest - Validating Expected Message..
21:31:31.087 [TestNG-tests-2] INFO  testCases.TC001_AccountRegistrationTest - Validating Expected Message..
21:31:31.205 [TestNG-tests-1] INFO  testCases.TC001_AccountRegistrationTest - **** Finished TC001_AccountRegistrationTest ****
21:31:31.319 [TestNG-tests-2] INFO  testCases.TC001_AccountRegistrationTest - **** Finished TC001_AccountRegistrationTest ****
21:31:42.671 [TestNG-tests-1] INFO  testCases.TC002_LoginTest - **** Starting TC002_LoginTest ****
21:31:42.874 [TestNG-tests-1] INFO  testCases.TC002_LoginTest - Clicked MyAccount link
21:31:44.177 [TestNG-tests-1] INFO  testCases.TC002_LoginTest - Clicked login link
21:31:44.313 [TestNG-tests-1] INFO  testCases.TC002_LoginTest - Provide login details
21:31:45.029 [TestNG-tests-1] INFO  testCases.TC002_LoginTest - Validating expected page
21:31:45.993 [TestNG-tests-1] INFO  testCases.TC002_LoginTest - Test Passed
21:31:45.993 [TestNG-tests-1] INFO  testCases.TC002_LoginTest - **** Finished TC002_LoginTest ****
21:31:50.976 [TestNG-tests-2] INFO  testCases.TC002_LoginTest - **** Starting TC002_LoginTest ****
21:31:51.183 [TestNG-tests-2] INFO  testCases.TC002_LoginTest - Clicked MyAccount link
21:31:52.689 [TestNG-tests-2] INFO  testCases.TC002_LoginTest - Clicked login link
21:31:52.689 [TestNG-tests-2] INFO  testCases.TC002_LoginTest - Provide login details
21:31:53.990 [TestNG-tests-2] INFO  testCases.TC002_LoginTest - Validating expected page
21:31:54.065 [TestNG-tests-2] INFO  testCases.TC002_LoginTest - Test Passed
21:31:54.065 [TestNG-tests-2] INFO  testCases.TC002_LoginTest - **** Finished TC002_LoginTest ****
21:32:05.910 [TestNG-tests-3] INFO  testCases.TC001_AccountRegistrationTest - **** Starting TC001_AccountRegistrationTest ****
21:32:07.578 [TestNG-tests-3] INFO  testCases.TC001_AccountRegistrationTest - Clicked on My Account Link..
21:32:09.135 [TestNG-tests-3] INFO  testCases.TC001_AccountRegistrationTest - Clicked on Registration Link..
21:32:09.137 [TestNG-tests-3] INFO  testCases.TC001_AccountRegistrationTest - Providing customer details..
21:32:11.599 [TestNG-tests-3] INFO  testCases.TC001_AccountRegistrationTest - Validating Expected Message..
21:32:11.717 [TestNG-tests-3] INFO  testCases.TC001_AccountRegistrationTest - **** Finished TC001_AccountRegistrationTest ****
21:32:25.485 [TestNG-tests-3] INFO  testCases.TC002_LoginTest - **** Starting TC002_LoginTest ****
21:32:25.629 [TestNG-tests-3] INFO  testCases.TC002_LoginTest - Clicked MyAccount link
21:32:26.002 [TestNG-tests-3] INFO  testCases.TC002_LoginTest - Clicked login link
21:32:26.003 [TestNG-tests-3] INFO  testCases.TC002_LoginTest - Provide login details
21:32:27.403 [TestNG-tests-3] INFO  testCases.TC002_LoginTest - Validating expected page
21:32:27.495 [TestNG-tests-3] INFO  testCases.TC002_LoginTest - Test Passed
21:32:27.495 [TestNG-tests-3] INFO  testCases.TC002_LoginTest - **** Finished TC002_LoginTest ****
10:09:37.294 [main] DEBUG org.testng.TestNG - suiteXmlPath: "C:\MyWorkSpace\OpenCart\grid-docker.xml"
10:11:55.349 [main] DEBUG org.testng.TestNG - suiteXmlPath: "C:\MyWorkSpace\OpenCart\grid-docker.xml"
10:11:56.415 [main] INFO  org.testng.internal.Utils - [TestNG] Running:
  C:\MyWorkSpace\OpenCart\grid-docker.xml

10:24:46.829 [main] DEBUG org.testng.TestNG - suiteXmlPath: "C:\MyWorkSpace\OpenCart\grid-docker.xml"
10:24:51.143 [main] INFO  org.testng.internal.Utils - [TestNG] Running:
  C:\MyWorkSpace\OpenCart\grid-docker.xml

10:39:17.721 [main] DEBUG org.testng.TestNG - suiteXmlPath: "C:\MyWorkSpace\OpenCart\grid-docker.xml"
10:39:18.399 [main] INFO  org.testng.internal.Utils - [TestNG] Running:
  C:\MyWorkSpace\OpenCart\grid-docker.xml

10:46:00.819 [main] INFO  testCases.TC002_LoginTest - **** Starting TC002_LoginTest ****
10:46:21.725 [main] INFO  testCases.TC002_LoginTest - Clicked MyAccount link
10:46:26.350 [main] INFO  testCases.TC002_LoginTest - Clicked login link
10:46:26.415 [main] INFO  testCases.TC002_LoginTest - Provide login details
10:46:33.591 [main] INFO  testCases.TC002_LoginTest - Validating expected page
10:46:42.030 [main] INFO  testCases.TC002_LoginTest - Test Passed
10:46:42.063 [main] INFO  testCases.TC002_LoginTest - **** Finished TC002_LoginTest ****
10:53:29.416 [main] DEBUG org.testng.TestNG - suiteXmlPath: "C:\MyWorkSpace\OpenCart\grid-docker.xml"
10:53:29.970 [main] INFO  org.testng.internal.Utils - [TestNG] Running:
  C:\MyWorkSpace\OpenCart\grid-docker.xml

10:54:32.577 [main] INFO  testCases.TC001_AccountRegistrationTest - **** Starting TC001_AccountRegistrationTest ****
10:54:33.523 [main] INFO  testCases.TC001_AccountRegistrationTest - Clicked on My Account Link..
10:54:34.588 [main] INFO  testCases.TC001_AccountRegistrationTest - Clicked on Registration Link..
10:54:34.655 [main] INFO  testCases.TC001_AccountRegistrationTest - Providing customer details..
10:54:37.917 [main] INFO  testCases.TC001_AccountRegistrationTest - Validating Expected Message..
10:54:38.113 [main] INFO  testCases.TC001_AccountRegistrationTest - **** Finished TC001_AccountRegistrationTest ****
10:55:25.500 [main] DEBUG org.testng.TestNG - suiteXmlPath: "C:\MyWorkSpace\OpenCart\grid-docker.xml"
10:55:26.188 [main] INFO  org.testng.internal.Utils - [TestNG] Running:
  C:\MyWorkSpace\OpenCart\grid-docker.xml

10:55:33.478 [main] INFO  testCases.TC001_AccountRegistrationTest - **** Starting TC001_AccountRegistrationTest ****
10:55:33.752 [main] INFO  testCases.TC001_AccountRegistrationTest - Clicked on My Account Link..
10:55:34.566 [main] INFO  testCases.TC001_AccountRegistrationTest - Clicked on Registration Link..
10:55:34.570 [main] INFO  testCases.TC001_AccountRegistrationTest - Providing customer details..
10:55:37.514 [main] INFO  testCases.TC001_AccountRegistrationTest - Validating Expected Message..
10:55:47.617 [main] ERROR testCases.TC001_AccountRegistrationTest - Test Failed
10:55:47.617 [main] DEBUG testCases.TC001_AccountRegistrationTest - Debug logs..
11:08:26.677 [main] DEBUG org.testng.TestNG - suiteXmlPath: "C:\MyWorkSpace\OpenCart\grid-docker.xml"
11:08:27.297 [main] INFO  org.testng.internal.Utils - [TestNG] Running:
  C:\MyWorkSpace\OpenCart\grid-docker.xml

11:09:29.102 [main] DEBUG org.testng.TestNG - suiteXmlPath: "C:\MyWorkSpace\OpenCart\grid-docker.xml"
11:09:29.721 [main] INFO  org.testng.internal.Utils - [TestNG] Running:
  C:\MyWorkSpace\OpenCart\grid-docker.xml

11:10:51.529 [main] DEBUG org.testng.TestNG - suiteXmlPath: "C:\MyWorkSpace\OpenCart\grid-docker.xml"
11:10:52.138 [main] INFO  org.testng.internal.Utils - [TestNG] Running:
  C:\MyWorkSpace\OpenCart\grid-docker.xml

12:04:21.976 [main] DEBUG org.testng.TestNG - suiteXmlPath: "C:\MyWorkSpace\OpenCart\grid-docker.xml"
12:04:22.700 [main] INFO  org.testng.internal.Utils - [TestNG] Running:
  C:\MyWorkSpace\OpenCart\grid-docker.xml

12:05:16.663 [main] INFO  testCases.TC001_AccountRegistrationTest - **** Starting TC001_AccountRegistrationTest ****
12:05:21.203 [main] INFO  testCases.TC001_AccountRegistrationTest - Clicked on My Account Link..
12:05:22.935 [main] INFO  testCases.TC001_AccountRegistrationTest - Clicked on Registration Link..
12:05:23.141 [main] INFO  testCases.TC001_AccountRegistrationTest - Providing customer details..
12:05:27.623 [main] INFO  testCases.TC001_AccountRegistrationTest - Validating Expected Message..
12:05:27.768 [main] INFO  testCases.TC001_AccountRegistrationTest - **** Finished TC001_AccountRegistrationTest ****
12:08:25.230 [main] DEBUG org.testng.TestNG - suiteXmlPath: "C:\MyWorkSpace\OpenCart\grid-docker.xml"
12:08:26.042 [main] INFO  org.testng.internal.Utils - [TestNG] Running:
  C:\MyWorkSpace\OpenCart\grid-docker.xml

12:08:33.920 [main] INFO  testCases.TC001_AccountRegistrationTest - **** Starting TC001_AccountRegistrationTest ****
12:08:34.211 [main] INFO  testCases.TC001_AccountRegistrationTest - Clicked on My Account Link..
12:08:34.913 [main] INFO  testCases.TC001_AccountRegistrationTest - Clicked on Registration Link..
12:08:34.918 [main] INFO  testCases.TC001_AccountRegistrationTest - Providing customer details..
12:08:37.374 [main] INFO  testCases.TC001_AccountRegistrationTest - Validating Expected Message..
12:08:37.465 [main] INFO  testCases.TC001_AccountRegistrationTest - **** Finished TC001_AccountRegistrationTest ****
12:08:43.036 [main] INFO  testCases.TC002_LoginTest - **** Starting TC002_LoginTest ****
12:08:43.440 [main] INFO  testCases.TC002_LoginTest - Clicked MyAccount link
12:08:43.928 [main] INFO  testCases.TC002_LoginTest - Clicked login link
12:08:43.996 [main] INFO  testCases.TC002_LoginTest - Provide login details
12:08:45.462 [main] INFO  testCases.TC002_LoginTest - Validating expected page
12:08:45.646 [main] INFO  testCases.TC002_LoginTest - Test Passed
12:08:45.647 [main] INFO  testCases.TC002_LoginTest - **** Finished TC002_LoginTest ****
12:09:35.379 [main] INFO  testCases.TC001_AccountRegistrationTest - **** Starting TC001_AccountRegistrationTest ****
12:09:35.631 [main] INFO  testCases.TC001_AccountRegistrationTest - Clicked on My Account Link..
12:09:36.812 [main] INFO  testCases.TC001_AccountRegistrationTest - Clicked on Registration Link..
12:09:36.813 [main] INFO  testCases.TC001_AccountRegistrationTest - Providing customer details..
12:09:39.308 [main] INFO  testCases.TC001_AccountRegistrationTest - Validating Expected Message..
12:09:39.583 [main] INFO  testCases.TC001_AccountRegistrationTest - **** Finished TC001_AccountRegistrationTest ****
12:09:55.895 [main] INFO  testCases.TC002_LoginTest - **** Starting TC002_LoginTest ****
12:09:56.225 [main] INFO  testCases.TC002_LoginTest - Clicked MyAccount link
12:09:56.702 [main] INFO  testCases.TC002_LoginTest - Clicked login link
12:09:56.702 [main] INFO  testCases.TC002_LoginTest - Provide login details
12:09:57.870 [main] INFO  testCases.TC002_LoginTest - Validating expected page
12:09:57.957 [main] INFO  testCases.TC002_LoginTest - Test Passed
12:09:57.957 [main] INFO  testCases.TC002_LoginTest - **** Finished TC002_LoginTest ****
12:16:21.566 [main] INFO  testCases.TC002_LoginTest - **** Starting TC002_LoginTest ****
12:16:22.124 [main] INFO  testCases.TC002_LoginTest - Clicked MyAccount link
12:16:22.875 [main] INFO  testCases.TC002_LoginTest - Clicked login link
12:16:22.876 [main] INFO  testCases.TC002_LoginTest - Provide login details
12:16:25.725 [main] INFO  testCases.TC002_LoginTest - Validating expected page
12:16:25.921 [main] INFO  testCases.TC002_LoginTest - Test Passed
12:16:25.921 [main] INFO  testCases.TC002_LoginTest - **** Finished TC002_LoginTest ****
12:18:40.237 [main] DEBUG org.testng.TestNG - suiteXmlPath: "C:\MyWorkSpace\OpenCart\grid-docker.xml"
12:18:41.525 [main] INFO  org.testng.internal.Utils - [TestNG] Running:
  C:\MyWorkSpace\OpenCart\grid-docker.xml

12:19:02.367 [TestNG-tests-1] INFO  testCases.TC001_AccountRegistrationTest - **** Starting TC001_AccountRegistrationTest ****
12:19:03.159 [TestNG-tests-1] INFO  testCases.TC001_AccountRegistrationTest - Clicked on My Account Link..
12:19:04.429 [TestNG-tests-1] INFO  testCases.TC001_AccountRegistrationTest - Clicked on Registration Link..
12:19:04.454 [TestNG-tests-1] INFO  testCases.TC001_AccountRegistrationTest - Providing customer details..
12:19:41.607 [TestNG-tests-3] INFO  testCases.TC001_AccountRegistrationTest - **** Starting TC001_AccountRegistrationTest ****
12:20:28.253 [TestNG-tests-3] INFO  testCases.TC001_AccountRegistrationTest - Clicked on My Account Link..
12:20:37.608 [TestNG-tests-2] INFO  testCases.TC001_AccountRegistrationTest - **** Starting TC001_AccountRegistrationTest ****
12:20:42.996 [TestNG-tests-2] INFO  testCases.TC001_AccountRegistrationTest - Clicked on My Account Link..
12:20:46.114 [TestNG-tests-3] INFO  testCases.TC001_AccountRegistrationTest - Clicked on Registration Link..
12:20:46.116 [TestNG-tests-3] INFO  testCases.TC001_AccountRegistrationTest - Providing customer details..
12:20:57.568 [TestNG-tests-2] INFO  testCases.TC001_AccountRegistrationTest - Clicked on Registration Link..
12:20:57.569 [TestNG-tests-2] INFO  testCases.TC001_AccountRegistrationTest - Providing customer details..
12:20:57.709 [TestNG-tests-1] INFO  testCases.TC001_AccountRegistrationTest - Validating Expected Message..
12:20:58.440 [TestNG-tests-1] INFO  testCases.TC001_AccountRegistrationTest - **** Finished TC001_AccountRegistrationTest ****
12:21:02.151 [TestNG-tests-2] INFO  testCases.TC001_AccountRegistrationTest - Validating Expected Message..
12:21:02.294 [TestNG-tests-2] INFO  testCases.TC001_AccountRegistrationTest - **** Finished TC001_AccountRegistrationTest ****
12:21:03.357 [TestNG-tests-3] INFO  testCases.TC001_AccountRegistrationTest - Validating Expected Message..
12:21:03.503 [TestNG-tests-3] INFO  testCases.TC001_AccountRegistrationTest - **** Finished TC001_AccountRegistrationTest ****
12:21:19.014 [TestNG-tests-1] INFO  testCases.TC002_LoginTest - **** Starting TC002_LoginTest ****
12:21:20.359 [TestNG-tests-1] INFO  testCases.TC002_LoginTest - Clicked MyAccount link
12:21:21.059 [TestNG-tests-1] INFO  testCases.TC002_LoginTest - Clicked login link
12:21:21.146 [TestNG-tests-1] INFO  testCases.TC002_LoginTest - Provide login details
12:21:23.085 [TestNG-tests-1] INFO  testCases.TC002_LoginTest - Validating expected page
12:21:23.308 [TestNG-tests-1] INFO  testCases.TC002_LoginTest - Test Passed
12:21:23.309 [TestNG-tests-1] INFO  testCases.TC002_LoginTest - **** Finished TC002_LoginTest ****
12:21:26.662 [TestNG-tests-3] INFO  testCases.TC002_LoginTest - **** Starting TC002_LoginTest ****
12:21:27.294 [TestNG-tests-3] INFO  testCases.TC002_LoginTest - Clicked MyAccount link
12:21:28.618 [TestNG-tests-3] INFO  testCases.TC002_LoginTest - Clicked login link
12:21:28.618 [TestNG-tests-3] INFO  testCases.TC002_LoginTest - Provide login details
12:21:30.381 [TestNG-tests-3] INFO  testCases.TC002_LoginTest - Validating expected page
12:21:31.287 [TestNG-tests-3] INFO  testCases.TC002_LoginTest - Test Passed
12:21:31.288 [TestNG-tests-3] INFO  testCases.TC002_LoginTest - **** Finished TC002_LoginTest ****
12:21:38.439 [TestNG-tests-2] INFO  testCases.TC002_LoginTest - **** Starting TC002_LoginTest ****
12:21:39.192 [TestNG-tests-2] INFO  testCases.TC002_LoginTest - Clicked MyAccount link
12:21:39.724 [TestNG-tests-2] INFO  testCases.TC002_LoginTest - Clicked login link
12:21:39.724 [TestNG-tests-2] INFO  testCases.TC002_LoginTest - Provide login details
12:21:41.616 [TestNG-tests-2] INFO  testCases.TC002_LoginTest - Validating expected page
12:21:44.288 [TestNG-tests-2] INFO  testCases.TC002_LoginTest - Test Passed
12:21:44.288 [TestNG-tests-2] INFO  testCases.TC002_LoginTest - **** Finished TC002_LoginTest ****
14:11:00.148 [main] DEBUG org.testng.TestNG - suiteXmlPath: "C:\MyWorkSpace\OpenCart\master.xml"
14:22:14.821 [main] DEBUG org.testng.TestNG - suiteXmlPath: "C:\MyWorkSpace\OpenCart\master.xml"
14:24:21.692 [main] DEBUG org.testng.TestNG - suiteXmlPath: "C:\MyWorkSpace\OpenCart\master.xml"
14:26:34.432 [main] INFO  testCases.TC001_AccountRegistrationTest - **** Starting TC001_AccountRegistrationTest ****
14:26:36.642 [main] INFO  testCases.TC001_AccountRegistrationTest - Clicked on My Account Link..
14:26:38.038 [main] INFO  testCases.TC001_AccountRegistrationTest - Clicked on Registration Link..
14:26:38.060 [main] INFO  testCases.TC001_AccountRegistrationTest - Providing customer details..
14:26:43.938 [main] INFO  testCases.TC001_AccountRegistrationTest - Validating Expected Message..
14:26:44.302 [main] INFO  testCases.TC001_AccountRegistrationTest - **** Finished TC001_AccountRegistrationTest ****
14:26:58.732 [main] INFO  testCases.TC002_LoginTest - **** Starting TC002_LoginTest ****
14:26:59.024 [main] INFO  testCases.TC002_LoginTest - Clicked MyAccount link
14:26:59.493 [main] INFO  testCases.TC002_LoginTest - Clicked login link
14:26:59.594 [main] INFO  testCases.TC002_LoginTest - Provide login details
14:27:00.306 [main] INFO  testCases.TC002_LoginTest - Validating expected page
14:27:01.293 [main] INFO  testCases.TC002_LoginTest - Test Passed
14:27:01.293 [main] INFO  testCases.TC002_LoginTest - **** Finished TC002_LoginTest ****
14:41:30.248 [main] DEBUG org.testng.TestNG - suiteXmlPath: "C:\MyWorkSpace\OpenCart\master.xml"
14:41:46.224 [main] INFO  testCases.TC001_AccountRegistrationTest - **** Starting TC001_AccountRegistrationTest ****
14:41:46.403 [main] INFO  testCases.TC001_AccountRegistrationTest - Clicked on My Account Link..
14:41:47.886 [main] INFO  testCases.TC001_AccountRegistrationTest - Clicked on Registration Link..
14:41:47.890 [main] INFO  testCases.TC001_AccountRegistrationTest - Providing customer details..
14:41:51.332 [main] INFO  testCases.TC001_AccountRegistrationTest - Validating Expected Message..
14:41:51.404 [main] INFO  testCases.TC001_AccountRegistrationTest - **** Finished TC001_AccountRegistrationTest ****
14:41:56.955 [main] INFO  testCases.TC002_LoginTest - **** Starting TC002_LoginTest ****
14:41:57.728 [main] INFO  testCases.TC002_LoginTest - Clicked MyAccount link
14:41:58.120 [main] INFO  testCases.TC002_LoginTest - Clicked login link
14:41:58.125 [main] INFO  testCases.TC002_LoginTest - Provide login details
14:41:59.668 [main] INFO  testCases.TC002_LoginTest - Validating expected page
14:41:59.736 [main] INFO  testCases.TC002_LoginTest - Test Passed
14:41:59.736 [main] INFO  testCases.TC002_LoginTest - **** Finished TC002_LoginTest ****
15:41:25.532 [main] DEBUG org.testng.TestNG - suiteXmlPath: "C:\MyWorkSpace\OpenCart\master.xml"
15:41:48.716 [main] INFO  testCases.TC001_AccountRegistrationTest - **** Starting TC001_AccountRegistrationTest ****
15:41:49.151 [main] INFO  testCases.TC001_AccountRegistrationTest - Clicked on My Account Link..
15:41:49.941 [main] INFO  testCases.TC001_AccountRegistrationTest - Clicked on Registration Link..
15:41:50.022 [main] INFO  testCases.TC001_AccountRegistrationTest - Providing customer details..
15:41:52.231 [main] INFO  testCases.TC001_AccountRegistrationTest - Validating Expected Message..
15:41:52.295 [main] INFO  testCases.TC001_AccountRegistrationTest - **** Finished TC001_AccountRegistrationTest ****
15:42:00.554 [main] INFO  testCases.TC002_LoginTest - **** Starting TC002_LoginTest ****
15:42:01.224 [main] INFO  testCases.TC002_LoginTest - Clicked MyAccount link
15:42:01.578 [main] INFO  testCases.TC002_LoginTest - Clicked login link
15:42:01.633 [main] INFO  testCases.TC002_LoginTest - Provide login details
15:42:02.167 [main] INFO  testCases.TC002_LoginTest - Validating expected page
15:42:02.955 [main] INFO  testCases.TC002_LoginTest - Test Passed
15:42:02.955 [main] INFO  testCases.TC002_LoginTest - **** Finished TC002_LoginTest ****
